<?xml version="1.0" encoding="UTF-8"?>
<robot generator="Robot 6.1 (Python 3.11.3 on darwin)" generated="20230722 11:44:21.071" rpa="false" schemaversion="4">
<suite id="s1" name="Test" source="/Users/hambalee/code/robotframework/tests/test.robot">
<kw name="Run Keyword" library="BuiltIn" type="SETUP">
<arg>Can open browser</arg>
<doc>Executes the given keyword with the given arguments.</doc>
<kw name="Can open browser" library="kw_demo">
<kw name="Open Browser" library="SeleniumLibrary">
<arg>${URL}</arg>
<arg>${Browser}</arg>
<arg>options=add_experimental_option("detach", True)</arg>
<doc>Opens a new browser instance to the optional ``url``.</doc>
<msg timestamp="20230722 11:44:21.178" level="INFO">Opening browser 'chrome' to base url 'https://robot-stage-1.firebaseapp.com/#/user/create-user'.</msg>
<status status="PASS" starttime="20230722 11:44:21.178" endtime="20230722 11:44:24.266"/>
</kw>
<kw name="Wait Until Element Is Visible" library="SeleniumLibrary">
<arg>inputName</arg>
<doc>Waits until the element ``locator`` is visible.</doc>
<status status="PASS" starttime="20230722 11:44:24.267" endtime="20230722 11:44:24.288"/>
</kw>
<status status="PASS" starttime="20230722 11:44:21.177" endtime="20230722 11:44:24.288"/>
</kw>
<status status="PASS" starttime="20230722 11:44:21.177" endtime="20230722 11:44:24.288"/>
</kw>
<test id="s1-t1" name="สามารถสร้างข้อมูลผู้ใช้ใหม่ได้สำเร็จ" line="7">
<kw name="Can fill in fullname myname" library="kw_demo" sourcename="Can fill in fullname ${fullname}">
<kw name="Input Text" library="SeleniumLibrary">
<arg>inputName</arg>
<arg>${fullname}</arg>
<doc>Types the given ``text`` into the text field identified by ``locator``.</doc>
<msg timestamp="20230722 11:44:24.290" level="INFO">Typing text 'myname' into text field 'inputName'.</msg>
<status status="PASS" starttime="20230722 11:44:24.289" endtime="20230722 11:44:24.377"/>
</kw>
<status status="PASS" starttime="20230722 11:44:24.289" endtime="20230722 11:44:24.377"/>
</kw>
<kw name="สามารถกรอก ล็อกอิน ได้ myloginid" library="kw_demo" sourcename="สามารถกรอก ล็อกอิน ได้ ${id}">
<kw name="Input Text" library="SeleniumLibrary">
<arg>inputLogin</arg>
<arg>${id}</arg>
<doc>Types the given ``text`` into the text field identified by ``locator``.</doc>
<msg timestamp="20230722 11:44:24.379" level="INFO">Typing text 'myloginid' into text field 'inputLogin'.</msg>
<status status="PASS" starttime="20230722 11:44:24.378" endtime="20230722 11:44:24.418"/>
</kw>
<status status="PASS" starttime="20230722 11:44:24.377" endtime="20230722 11:44:24.418"/>
</kw>
<kw name="สามารถกรอก รหัสผ่าน ได้ mypassword" library="kw_demo" sourcename="สามารถกรอก รหัสผ่าน ได้ ${password}">
<kw name="Input Text" library="SeleniumLibrary">
<arg>inputPassword</arg>
<arg>${password}</arg>
<doc>Types the given ``text`` into the text field identified by ``locator``.</doc>
<msg timestamp="20230722 11:44:24.419" level="INFO">Typing text 'mypassword' into text field 'inputPassword'.</msg>
<status status="PASS" starttime="20230722 11:44:24.419" endtime="20230722 11:44:24.461"/>
</kw>
<status status="PASS" starttime="20230722 11:44:24.419" endtime="20230722 11:44:24.461"/>
</kw>
<kw name="สามารถกรอก ยืนยันรหัสผ่าน ได้ mypassword" library="kw_demo" sourcename="สามารถกรอก ยืนยันรหัสผ่าน ได้ ${password2}">
<kw name="Input Text" library="SeleniumLibrary">
<arg>inputPassword2</arg>
<arg>${password2}</arg>
<doc>Types the given ``text`` into the text field identified by ``locator``.</doc>
<msg timestamp="20230722 11:44:24.462" level="INFO">Typing text 'mypassword' into text field 'inputPassword2'.</msg>
<status status="PASS" starttime="20230722 11:44:24.462" endtime="20230722 11:44:24.501"/>
</kw>
<status status="PASS" starttime="20230722 11:44:24.461" endtime="20230722 11:44:24.501"/>
</kw>
<kw name="สามารกดปุ่มยืนยันได้" library="kw_demo">
<kw name="Click Button" library="SeleniumLibrary">
<arg>buttonConfirm</arg>
<doc>Clicks the button identified by ``locator``.</doc>
<msg timestamp="20230722 11:44:24.502" level="INFO">Clicking button 'buttonConfirm'.</msg>
<status status="PASS" starttime="20230722 11:44:24.501" endtime="20230722 11:44:24.537"/>
</kw>
<status status="PASS" starttime="20230722 11:44:24.501" endtime="20230722 11:44:24.538"/>
</kw>
<status status="PASS" starttime="20230722 11:44:24.288" endtime="20230722 11:44:24.538"/>
</test>
<kw name="Close All Browsers" library="SeleniumLibrary" type="TEARDOWN">
<doc>Closes all open browsers and resets the browser cache.</doc>
<status status="PASS" starttime="20230722 11:44:24.539" endtime="20230722 11:44:24.620"/>
</kw>
<status status="PASS" starttime="20230722 11:44:21.073" endtime="20230722 11:44:24.620"/>
</suite>
<statistics>
<total>
<stat pass="1" fail="0" skip="0">All Tests</stat>
</total>
<tag>
</tag>
<suite>
<stat pass="1" fail="0" skip="0" id="s1" name="Test">Test</stat>
</suite>
</statistics>
<errors>
</errors>
</robot>
